2026-01-04 21:44:17 | INFO     | root | Logging to: /home/michael/bible/tr/logs/pipeline_20260104_214417.log
2026-01-04 21:44:17 | INFO     | __main__ | Running 8 scripts...
2026-01-04 21:44:17 | INFO     | __main__ | 
============================================================
2026-01-04 21:44:17 | INFO     | __main__ | Running: [p5_01] Check Cycles
2026-01-04 21:44:17 | INFO     | __main__ | Description: Detect circular dependencies in syntax trees
2026-01-04 21:44:17 | INFO     | __main__ | ============================================================
2026-01-04 21:44:17 | INFO     | scripts.phase5.p5_01_check_cycles | Loading parent edges...
2026-01-04 21:44:17 | INFO     | scripts.phase5.p5_01_check_cycles | Loaded 3581 parent relationships
2026-01-04 21:44:17 | INFO     | scripts.phase5.p5_01_check_cycles | Checking for cycles...
2026-01-04 21:44:17 | INFO     | scripts.phase5.p5_01_check_cycles | PASSED: No cycles detected
2026-01-04 21:44:17 | INFO     | __main__ | 
============================================================
2026-01-04 21:44:17 | INFO     | __main__ | Running: [p5_02] Check Orphans
2026-01-04 21:44:17 | INFO     | __main__ | Description: Detect orphan and dangling nodes
2026-01-04 21:44:17 | INFO     | __main__ | ============================================================
2026-01-04 21:44:17 | INFO     | scripts.phase5.p5_02_check_orphans | Loading node types...
2026-01-04 21:44:17 | INFO     | scripts.phase5.p5_02_check_orphans | Loading slot containment...
2026-01-04 21:44:17 | INFO     | scripts.phase5.p5_02_check_orphans | Total word slots: 140726
2026-01-04 21:44:17 | INFO     | scripts.phase5.p5_02_check_orphans | All word slots are contained in at least one container
2026-01-04 21:44:17 | INFO     | scripts.phase5.p5_02_check_orphans | No empty containers found
2026-01-04 21:44:17 | INFO     | scripts.phase5.p5_02_check_orphans | 
Orphan Check Summary:
2026-01-04 21:44:17 | INFO     | scripts.phase5.p5_02_check_orphans | ----------------------------------------
2026-01-04 21:44:17 | INFO     | scripts.phase5.p5_02_check_orphans | Orphan slots: 0
2026-01-04 21:44:17 | INFO     | scripts.phase5.p5_02_check_orphans | Empty containers: 0
2026-01-04 21:44:17 | INFO     | scripts.phase5.p5_02_check_orphans | PASSED: No orphans or empty containers
2026-01-04 21:44:17 | INFO     | __main__ | 
============================================================
2026-01-04 21:44:17 | INFO     | __main__ | Running: [p5_03] Check Features
2026-01-04 21:44:17 | INFO     | __main__ | Description: Verify all required features present
2026-01-04 21:44:17 | INFO     | __main__ | ============================================================
2026-01-04 21:44:17 | INFO     | scripts.phase5.p5_03_check_features | Node counts by type:
2026-01-04 21:44:17 | INFO     | scripts.phase5.p5_03_check_features |   book: 27
2026-01-04 21:44:17 | INFO     | scripts.phase5.p5_03_check_features |   chapter: 260
2026-01-04 21:44:17 | INFO     | scripts.phase5.p5_03_check_features |   verse: 7,957
2026-01-04 21:44:17 | INFO     | scripts.phase5.p5_03_check_features |   word: 140,726
2026-01-04 21:44:17 | INFO     | scripts.phase5.p5_03_check_features | 
Checking required features...
2026-01-04 21:44:17 | INFO     | scripts.phase5.p5_03_check_features | 
word (expected: 140,726):
2026-01-04 21:44:17 | INFO     | scripts.phase5.p5_03_check_features |   word: 140,726 [OK]
2026-01-04 21:44:17 | INFO     | scripts.phase5.p5_03_check_features |   lemma: 140,726 [OK]
2026-01-04 21:44:17 | INFO     | scripts.phase5.p5_03_check_features |   sp: 140,726 [OK]
2026-01-04 21:44:17 | INFO     | scripts.phase5.p5_03_check_features | 
Checking optional features...
2026-01-04 21:44:17 | INFO     | scripts.phase5.p5_03_check_features | 
word optional features:
2026-01-04 21:44:17 | INFO     | scripts.phase5.p5_03_check_features |   function: 57,875 (41.1%)
2026-01-04 21:44:17 | INFO     | scripts.phase5.p5_03_check_features |   case: 80,444 (57.2%)
2026-01-04 21:44:17 | INFO     | scripts.phase5.p5_03_check_features |   gn: 8,393 (6.0%)
2026-01-04 21:44:17 | INFO     | scripts.phase5.p5_03_check_features |   nu: 12,232 (8.7%)
2026-01-04 21:44:17 | INFO     | scripts.phase5.p5_03_check_features |   ps: 3,837 (2.7%)
2026-01-04 21:44:17 | INFO     | scripts.phase5.p5_03_check_features |   tense: 30,069 (21.4%)
2026-01-04 21:44:17 | INFO     | scripts.phase5.p5_03_check_features |   voice: 30,069 (21.4%)
2026-01-04 21:44:17 | INFO     | scripts.phase5.p5_03_check_features |   mood: 29,415 (20.9%)
2026-01-04 21:44:17 | INFO     | scripts.phase5.p5_03_check_features |   gloss: 124,961 (88.8%)
2026-01-04 21:44:17 | INFO     | scripts.phase5.p5_03_check_features |   source: 140,726 (100.0%)
2026-01-04 21:44:17 | INFO     | scripts.phase5.p5_03_check_features | 
PASSED: All required features present
2026-01-04 21:44:17 | INFO     | __main__ | 
============================================================
2026-01-04 21:44:17 | INFO     | __main__ | Running: [p5_04] Compare Stats
2026-01-04 21:44:17 | INFO     | __main__ | Description: Statistical comparison with N1904
2026-01-04 21:44:17 | INFO     | __main__ | ============================================================
2026-01-04 21:44:18 | INFO     | scripts.phase5.p5_04_compare_stats | TR Dataset Statistics:
2026-01-04 21:44:18 | INFO     | scripts.phase5.p5_04_compare_stats | ==================================================
2026-01-04 21:44:18 | INFO     | scripts.phase5.p5_04_compare_stats | 
Total words: 140,726
2026-01-04 21:44:18 | INFO     | scripts.phase5.p5_04_compare_stats | Unique lemmas: 7,943
2026-01-04 21:44:18 | INFO     | scripts.phase5.p5_04_compare_stats | Books: 27
2026-01-04 21:44:18 | INFO     | scripts.phase5.p5_04_compare_stats | Chapters: 260
2026-01-04 21:44:18 | INFO     | scripts.phase5.p5_04_compare_stats | Verses: 7957
2026-01-04 21:44:18 | INFO     | scripts.phase5.p5_04_compare_stats | 
Syntax Source:
2026-01-04 21:44:18 | INFO     | scripts.phase5.p5_04_compare_stats |   n1904: 124,961 (88.8%)
2026-01-04 21:44:18 | INFO     | scripts.phase5.p5_04_compare_stats |   nlp: 15,765 (11.2%)
2026-01-04 21:44:18 | INFO     | scripts.phase5.p5_04_compare_stats | 
Part of Speech Distribution:
2026-01-04 21:44:18 | INFO     | scripts.phase5.p5_04_compare_stats |   verb: 30,069 (21.4%)
2026-01-04 21:44:18 | INFO     | scripts.phase5.p5_04_compare_stats |   subs: 23,810 (16.9%)
2026-01-04 21:44:18 | INFO     | scripts.phase5.p5_04_compare_stats |   art: 19,084 (13.6%)
2026-01-04 21:44:18 | INFO     | scripts.phase5.p5_04_compare_stats |   conj: 17,807 (12.7%)
2026-01-04 21:44:18 | INFO     | scripts.phase5.p5_04_compare_stats |   pron: 16,243 (11.5%)
2026-01-04 21:44:18 | INFO     | scripts.phase5.p5_04_compare_stats |   prep: 10,454 (7.4%)
2026-01-04 21:44:18 | INFO     | scripts.phase5.p5_04_compare_stats |   adjv: 7,804 (5.5%)
2026-01-04 21:44:18 | INFO     | scripts.phase5.p5_04_compare_stats |   advb: 5,793 (4.1%)
2026-01-04 21:44:18 | INFO     | scripts.phase5.p5_04_compare_stats |   noun: 4,255 (3.0%)
2026-01-04 21:44:18 | INFO     | scripts.phase5.p5_04_compare_stats |   adj: 1,704 (1.2%)
2026-01-04 21:44:18 | INFO     | scripts.phase5.p5_04_compare_stats | 
Syntactic Function Distribution:
2026-01-04 21:44:18 | INFO     | scripts.phase5.p5_04_compare_stats |   Pred: 22,390 (38.7%)
2026-01-04 21:44:18 | INFO     | scripts.phase5.p5_04_compare_stats |   Predicate: 12,142 (21.0%)
2026-01-04 21:44:18 | INFO     | scripts.phase5.p5_04_compare_stats |   Adv: 5,156 (8.9%)
2026-01-04 21:44:18 | INFO     | scripts.phase5.p5_04_compare_stats |   Objc: 4,480 (7.7%)
2026-01-04 21:44:18 | INFO     | scripts.phase5.p5_04_compare_stats |   PreC: 4,206 (7.3%)
2026-01-04 21:44:18 | INFO     | scripts.phase5.p5_04_compare_stats |   Subj: 4,016 (6.9%)
2026-01-04 21:44:18 | INFO     | scripts.phase5.p5_04_compare_stats |   Cmpl: 1,862 (3.2%)
2026-01-04 21:44:18 | INFO     | scripts.phase5.p5_04_compare_stats |   Determiner: 639 (1.1%)
2026-01-04 21:44:18 | INFO     | scripts.phase5.p5_04_compare_stats |   Modifier: 585 (1.0%)
2026-01-04 21:44:18 | INFO     | scripts.phase5.p5_04_compare_stats |   Adverb: 566 (1.0%)
2026-01-04 21:44:18 | INFO     | scripts.phase5.p5_04_compare_stats | 
Case Distribution:
2026-01-04 21:44:18 | INFO     | scripts.phase5.p5_04_compare_stats |   nominative: 21,782 (27.1%)
2026-01-04 21:44:18 | INFO     | scripts.phase5.p5_04_compare_stats |   accusative: 21,318 (26.5%)
2026-01-04 21:44:18 | INFO     | scripts.phase5.p5_04_compare_stats |   genitive: 17,228 (21.4%)
2026-01-04 21:44:18 | INFO     | scripts.phase5.p5_04_compare_stats |   dative: 11,180 (13.9%)
2026-01-04 21:44:18 | INFO     | scripts.phase5.p5_04_compare_stats |   nom: 2,695 (3.4%)
2026-01-04 21:44:18 | INFO     | scripts.phase5.p5_04_compare_stats |   gen: 2,361 (2.9%)
2026-01-04 21:44:18 | INFO     | scripts.phase5.p5_04_compare_stats |   acc: 1,727 (2.1%)
2026-01-04 21:44:18 | INFO     | scripts.phase5.p5_04_compare_stats |   dat: 1,094 (1.4%)
2026-01-04 21:44:18 | INFO     | scripts.phase5.p5_04_compare_stats |   vocative: 544 (0.7%)
2026-01-04 21:44:18 | INFO     | scripts.phase5.p5_04_compare_stats |   voc: 515 (0.6%)
2026-01-04 21:44:18 | INFO     | scripts.phase5.p5_04_compare_stats | 
==================================================
2026-01-04 21:44:18 | INFO     | scripts.phase5.p5_04_compare_stats | Comparison Notes:
2026-01-04 21:44:18 | INFO     | scripts.phase5.p5_04_compare_stats | ----------------------------------------
2026-01-04 21:44:18 | INFO     | scripts.phase5.p5_04_compare_stats | N1904 has ~137,000 words
2026-01-04 21:44:18 | INFO     | scripts.phase5.p5_04_compare_stats | TR has 140,726 words (+3,726 difference)
2026-01-04 21:44:18 | INFO     | scripts.phase5.p5_04_compare_stats | Difference due to TR-specific readings (Comma Johanneum, etc.)
2026-01-04 21:44:18 | INFO     | scripts.phase5.p5_04_compare_stats | 
PASSED: Statistics generated successfully
2026-01-04 21:44:18 | INFO     | __main__ | 
============================================================
2026-01-04 21:44:18 | INFO     | __main__ | Running: [p5_05] Spot Check Variants
2026-01-04 21:44:18 | INFO     | __main__ | Description: Manual verification of high-profile variants
2026-01-04 21:44:18 | INFO     | __main__ | ============================================================
2026-01-04 21:44:18 | INFO     | scripts.phase5.p5_05_spot_check_variants | Spot Checking High-Profile Variants
2026-01-04 21:44:18 | INFO     | scripts.phase5.p5_05_spot_check_variants | ==================================================
2026-01-04 21:44:18 | INFO     | scripts.phase5.p5_05_spot_check_variants | 
Comma Johanneum (1 John 5:7-8)
2026-01-04 21:44:18 | INFO     | scripts.phase5.p5_05_spot_check_variants | ----------------------------------------
2026-01-04 21:44:18 | WARNING  | scripts.phase5.p5_05_spot_check_variants |   NOT FOUND!
2026-01-04 21:44:18 | INFO     | scripts.phase5.p5_05_spot_check_variants | 
Eunuch's Confession (Acts 8:37)
2026-01-04 21:44:18 | INFO     | scripts.phase5.p5_05_spot_check_variants | ----------------------------------------
2026-01-04 21:44:18 | INFO     | scripts.phase5.p5_05_spot_check_variants |   Words found: 23
2026-01-04 21:44:18 | INFO     | scripts.phase5.p5_05_spot_check_variants |   Verses: [np.int64(37)]
2026-01-04 21:44:18 | INFO     | scripts.phase5.p5_05_spot_check_variants |   Sample: εἶπεν δὲ ὁ Φίλιππος Εἰ...
2026-01-04 21:44:18 | INFO     | scripts.phase5.p5_05_spot_check_variants |   From N1904: 0, From NLP: 23
2026-01-04 21:44:18 | INFO     | scripts.phase5.p5_05_spot_check_variants | 
Pericope Adulterae (John 7:53-8:11)
2026-01-04 21:44:18 | INFO     | scripts.phase5.p5_05_spot_check_variants | ----------------------------------------
2026-01-04 21:44:18 | WARNING  | scripts.phase5.p5_05_spot_check_variants |   NOT FOUND!
2026-01-04 21:44:18 | INFO     | scripts.phase5.p5_05_spot_check_variants | 
Longer Ending of Mark (Mark 16:9-20)
2026-01-04 21:44:18 | INFO     | scripts.phase5.p5_05_spot_check_variants | ----------------------------------------
2026-01-04 21:44:18 | INFO     | scripts.phase5.p5_05_spot_check_variants |   Words found: 166
2026-01-04 21:44:18 | INFO     | scripts.phase5.p5_05_spot_check_variants |   Verses: [np.int64(9), np.int64(10), np.int64(11), np.int64(12), np.int64(13), np.int64(14), np.int64(15), np.int64(16), np.int64(17), np.int64(18), np.int64(19), np.int64(20)]
2026-01-04 21:44:18 | INFO     | scripts.phase5.p5_05_spot_check_variants |   Sample: Ἀναστὰς δὲ πρωῒ πρώτῃ σαββάτου...
2026-01-04 21:44:18 | INFO     | scripts.phase5.p5_05_spot_check_variants |   From N1904: 154, From NLP: 12
2026-01-04 21:44:18 | INFO     | scripts.phase5.p5_05_spot_check_variants | 
Lord's Prayer Doxology (Matthew 6:13)
2026-01-04 21:44:18 | INFO     | scripts.phase5.p5_05_spot_check_variants | ----------------------------------------
2026-01-04 21:44:18 | INFO     | scripts.phase5.p5_05_spot_check_variants |   Words found: 27
2026-01-04 21:44:18 | INFO     | scripts.phase5.p5_05_spot_check_variants |   Verses: [np.int64(13)]
2026-01-04 21:44:18 | INFO     | scripts.phase5.p5_05_spot_check_variants |   Sample: καὶ μὴ εἰσενέγκῃς ἡμᾶς εἰς...
2026-01-04 21:44:18 | INFO     | scripts.phase5.p5_05_spot_check_variants |   From N1904: 12, From NLP: 15
2026-01-04 21:44:18 | INFO     | scripts.phase5.p5_05_spot_check_variants | 
==================================================
2026-01-04 21:44:18 | WARNING  | scripts.phase5.p5_05_spot_check_variants | WARNING: Some variants not found
2026-01-04 21:44:18 | INFO     | __main__ | 
============================================================
2026-01-04 21:44:18 | INFO     | __main__ | Running: [p5_06] Test Queries
2026-01-04 21:44:18 | INFO     | __main__ | Description: Verify TF queries work correctly
2026-01-04 21:44:18 | INFO     | __main__ | ============================================================
2026-01-04 21:44:18 | INFO     | scripts.phase5.p5_06_test_queries | Testing Query Functionality
2026-01-04 21:44:18 | INFO     | scripts.phase5.p5_06_test_queries | ==================================================
2026-01-04 21:44:18 | INFO     | scripts.phase5.p5_06_test_queries | 
Test 1: Find all verbs
2026-01-04 21:44:18 | INFO     | scripts.phase5.p5_06_test_queries |   Found 30,069 verbs
2026-01-04 21:44:18 | INFO     | scripts.phase5.p5_06_test_queries | 
Test 2: Find all nouns
2026-01-04 21:44:18 | INFO     | scripts.phase5.p5_06_test_queries |   Found 4,255 nouns
2026-01-04 21:44:18 | INFO     | scripts.phase5.p5_06_test_queries | 
Test 3: Find nominative case words
2026-01-04 21:44:18 | INFO     | scripts.phase5.p5_06_test_queries |   Found 21,782 nominative words
2026-01-04 21:44:18 | INFO     | scripts.phase5.p5_06_test_queries | 
Test 4: Find John 3:16
2026-01-04 21:44:18 | ERROR    | scripts.phase5.p5_06_test_queries |   FAILED: John 3:16 not found
2026-01-04 21:44:18 | INFO     | scripts.phase5.p5_06_test_queries | 
Test 5: Find words with English gloss
2026-01-04 21:44:18 | INFO     | scripts.phase5.p5_06_test_queries |   Found 124,961 words with gloss (88.8%)
2026-01-04 21:44:18 | INFO     | scripts.phase5.p5_06_test_queries | 
==================================================
2026-01-04 21:44:18 | INFO     | scripts.phase5.p5_06_test_queries | Tests passed: 4
2026-01-04 21:44:18 | INFO     | scripts.phase5.p5_06_test_queries | Tests failed: 1
2026-01-04 21:44:18 | ERROR    | scripts.phase5.p5_06_test_queries | FAILED: 1 test(s) failed
2026-01-04 21:44:18 | ERROR    | __main__ | Stopping due to failure (--fail-fast)
