2026-01-04 19:59:04 | INFO     | root | Logging to: /home/michael/bible/tr/logs/pipeline_20260104_195904.log
2026-01-04 19:59:04 | INFO     | __main__ | Running 5 scripts...
2026-01-04 19:59:04 | INFO     | __main__ | 
============================================================
2026-01-04 19:59:04 | INFO     | __main__ | Running: [p1_01] Setup Environment
2026-01-04 19:59:04 | INFO     | __main__ | Description: Verify all dependencies are installed
2026-01-04 19:59:04 | INFO     | __main__ | ============================================================
2026-01-04 19:59:04 | INFO     | scripts.phase1.p1_01_setup_env | Checking required dependencies...
2026-01-04 19:59:04 | INFO     | scripts.phase1.p1_01_setup_env | 
Core Libraries:
2026-01-04 19:59:04 | ERROR    | scripts.phase1.p1_01_setup_env |   [FAIL] pandas: No module named 'pandas'
2026-01-04 19:59:04 | ERROR    | scripts.phase1.p1_01_setup_env |   [FAIL] pyarrow: No module named 'pyarrow'
2026-01-04 19:59:04 | INFO     | scripts.phase1.p1_01_setup_env |   [OK] pyyaml
2026-01-04 19:59:04 | INFO     | scripts.phase1.p1_01_setup_env | 
Text-Fabric:
2026-01-04 19:59:04 | INFO     | scripts.phase1.p1_01_setup_env |   [OK] text-fabric
2026-01-04 19:59:05 | INFO     | scripts.phase1.p1_01_setup_env |   [OK] Text-Fabric API available
2026-01-04 19:59:05 | INFO     | scripts.phase1.p1_01_setup_env | 
NLP Libraries:
2026-01-04 19:59:05 | ERROR    | scripts.phase1.p1_01_setup_env |   [FAIL] stanza: No module named 'stanza'
2026-01-04 19:59:05 | ERROR    | scripts.phase1.p1_01_setup_env |   [FAIL] Stanza: No module named 'stanza'
2026-01-04 19:59:05 | INFO     | scripts.phase1.p1_01_setup_env | 
Optional Libraries:
2026-01-04 19:59:05 | INFO     | scripts.phase1.p1_01_setup_env |   [OK] tqdm
2026-01-04 19:59:05 | INFO     | scripts.phase1.p1_01_setup_env |   [OK] requests
2026-01-04 19:59:05 | INFO     | scripts.phase1.p1_01_setup_env | 
Directory Structure:
2026-01-04 19:59:05 | INFO     | scripts.phase1.p1_01_setup_env |   [OK] data/source/
2026-01-04 19:59:05 | INFO     | scripts.phase1.p1_01_setup_env |   [OK] data/intermediate/
2026-01-04 19:59:05 | INFO     | scripts.phase1.p1_01_setup_env |   [OK] data/output/
2026-01-04 19:59:05 | INFO     | scripts.phase1.p1_01_setup_env |   [OK] logs/
2026-01-04 19:59:05 | INFO     | scripts.phase1.p1_01_setup_env |   [OK] reports/
2026-01-04 19:59:05 | INFO     | scripts.phase1.p1_01_setup_env | 
2026-01-04 19:59:05 | ERROR    | scripts.phase1.p1_01_setup_env | Some dependencies are missing. Please install them:
2026-01-04 19:59:05 | ERROR    | scripts.phase1.p1_01_setup_env |   pip install -r requirements.txt
2026-01-04 19:59:05 | ERROR    | __main__ | Stopping due to failure (--fail-fast)
